빌드 시작: 2013-04-27 오후 1:03:32
     1>2 노드의 "D:\★작업중\★C,C++\자료구조 프로그래밍\2012180004_권창현\2012180004_권창현\2012180004_권창현.vcxproj" 프로젝트(Build 대상)입니다.
     1>InitializeBuildStatus:
         "AlwaysCreate"이(가) 지정되었기 때문에 "Debug\2012180004_권창현.unsuccessfulbuild"을(를) 만들고 있습니다.
       ClCompile:
         C:\Program Files (x86)\Microsoft Visual Studio 11.0\VC\bin\CL.exe /c /ZI /nologo /W3 /WX- /Od /Oy- /D WIN32 /D _DEBUG /D _CONSOLE /D _UNICODE /D UNICODE /Gm /EHsc /RTC1 /MDd /GS /fp:precise /Zc:wchar_t /Zc:forScope /Fo"Debug\\" /Fd"Debug\vc110.pdb" /Gd /TP /analyze- /errorReport:prompt "2012180004_권창현(B).cpp"
         2012180004_권창현(B).cpp
     1>d:\★작업중\★c,c++\자료구조 프로그래밍\2012180004_권창현\2012180004_권창현\2012180004_권창현(b).cpp(56): warning C4996: 'scanf': This function or variable may be unsafe. Consider using scanf_s instead. To disable deprecation, use _CRT_SECURE_NO_WARNINGS. See online help for details.
                 c:\program files (x86)\microsoft visual studio 11.0\vc\include\stdio.h(290) : 'scanf' 선언을 참조하십시오.
     1>d:\★작업중\★c,c++\자료구조 프로그래밍\2012180004_권창현\2012180004_권창현\2012180004_권창현(b).cpp(66): warning C4996: 'scanf': This function or variable may be unsafe. Consider using scanf_s instead. To disable deprecation, use _CRT_SECURE_NO_WARNINGS. See online help for details.
                 c:\program files (x86)\microsoft visual studio 11.0\vc\include\stdio.h(290) : 'scanf' 선언을 참조하십시오.
     1>d:\★작업중\★c,c++\자료구조 프로그래밍\2012180004_권창현\2012180004_권창현\2012180004_권창현(b).cpp(68): warning C4996: 'scanf': This function or variable may be unsafe. Consider using scanf_s instead. To disable deprecation, use _CRT_SECURE_NO_WARNINGS. See online help for details.
                 c:\program files (x86)\microsoft visual studio 11.0\vc\include\stdio.h(290) : 'scanf' 선언을 참조하십시오.
     1>d:\★작업중\★c,c++\자료구조 프로그래밍\2012180004_권창현\2012180004_권창현\2012180004_권창현(b).cpp(70): warning C4996: 'scanf': This function or variable may be unsafe. Consider using scanf_s instead. To disable deprecation, use _CRT_SECURE_NO_WARNINGS. See online help for details.
                 c:\program files (x86)\microsoft visual studio 11.0\vc\include\stdio.h(290) : 'scanf' 선언을 참조하십시오.
     1>d:\★작업중\★c,c++\자료구조 프로그래밍\2012180004_권창현\2012180004_권창현\2012180004_권창현(b).cpp(84): warning C4996: 'scanf': This function or variable may be unsafe. Consider using scanf_s instead. To disable deprecation, use _CRT_SECURE_NO_WARNINGS. See online help for details.
                 c:\program files (x86)\microsoft visual studio 11.0\vc\include\stdio.h(290) : 'scanf' 선언을 참조하십시오.
     1>d:\★작업중\★c,c++\자료구조 프로그래밍\2012180004_권창현\2012180004_권창현\2012180004_권창현(b).cpp(128): warning C4996: 'strcpy': This function or variable may be unsafe. Consider using strcpy_s instead. To disable deprecation, use _CRT_SECURE_NO_WARNINGS. See online help for details.
                 c:\program files (x86)\microsoft visual studio 11.0\vc\include\string.h(110) : 'strcpy' 선언을 참조하십시오.
     1>d:\★작업중\★c,c++\자료구조 프로그래밍\2012180004_권창현\2012180004_권창현\2012180004_권창현(b).cpp(131): warning C4996: 'strcpy': This function or variable may be unsafe. Consider using strcpy_s instead. To disable deprecation, use _CRT_SECURE_NO_WARNINGS. See online help for details.
                 c:\program files (x86)\microsoft visual studio 11.0\vc\include\string.h(110) : 'strcpy' 선언을 참조하십시오.
       Link:
         C:\Program Files (x86)\Microsoft Visual Studio 11.0\VC\bin\link.exe /ERRORREPORT:PROMPT /OUT:"D:\★작업중\★C,C++\자료구조 프로그래밍\2012180004_권창현\Debug\2012180004_권창현.exe" /INCREMENTAL /NOLOGO kernel32.lib user32.lib gdi32.lib winspool.lib comdlg32.lib advapi32.lib shell32.lib ole32.lib oleaut32.lib uuid.lib odbc32.lib odbccp32.lib /MANIFEST /MANIFESTUAC:"level='asInvoker' uiAccess='false'" /manifest:embed /DEBUG /PDB:"D:\★작업중\★C,C++\자료구조 프로그래밍\2012180004_권창현\Debug\2012180004_권창현.pdb" /SUBSYSTEM:CONSOLE /TLBID:1 /DYNAMICBASE /NXCOMPAT /IMPLIB:"D:\★작업중\★C,C++\자료구조 프로그래밍\2012180004_권창현\Debug\2012180004_권창현.lib" /MACHINE:X86 "Debug\2012180004_권창현(B).obj"
         2012180004_권창현.vcxproj -> D:\★작업중\★C,C++\자료구조 프로그래밍\2012180004_권창현\Debug\2012180004_권창현.exe
       FinalizeBuildStatus:
         "Debug\2012180004_권창현.unsuccessfulbuild" 파일을 삭제하고 있습니다.
         "Debug\2012180004_권창현.lastbuildstate"에 연결(touching)하고 있습니다.
     1>"D:\★작업중\★C,C++\자료구조 프로그래밍\2012180004_권창현\2012180004_권창현\2012180004_권창현.vcxproj" 프로젝트를 빌드했습니다(Build 대상).

빌드했습니다.

경과 시간: 00:00:00.99
