D:\★작업중\★C,C++\자료구조 프로그래밍\데이터관리 20130319 - 연결리스트 - 데이터 파싱\데이터관리 20130319\X64\DEBUG\소스.OBJ
D:\★작업중\★C,C++\자료구조 프로그래밍\데이터관리 20130319 - 연결리스트 - 데이터 파싱\데이터관리 20130319\X64\DEBUG\VC110.PDB
D:\★작업중\★C,C++\자료구조 프로그래밍\데이터관리 20130319 - 연결리스트 - 데이터 파싱\X64\DEBUG\데이터관리 20130319.ILK
D:\★작업중\★C,C++\자료구조 프로그래밍\데이터관리 20130319 - 연결리스트 - 데이터 파싱\X64\DEBUG\데이터관리 20130319.EXE
D:\★작업중\★C,C++\자료구조 프로그래밍\데이터관리 20130319 - 연결리스트 - 데이터 파싱\X64\DEBUG\데이터관리 20130319.PDB
D:\★작업중\★C,C++\자료구조 프로그래밍\데이터관리 20130319 - 연결리스트 - 데이터 파싱\데이터관리 20130319\x64\Debug\소스.obj
D:\★작업중\★C,C++\자료구조 프로그래밍\데이터관리 20130319 - 연결리스트 - 데이터 파싱\데이터관리 20130319\x64\Debug\cl.command.1.tlog
D:\★작업중\★C,C++\자료구조 프로그래밍\데이터관리 20130319 - 연결리스트 - 데이터 파싱\데이터관리 20130319\x64\Debug\CL.read.1.tlog
D:\★작업중\★C,C++\자료구조 프로그래밍\데이터관리 20130319 - 연결리스트 - 데이터 파싱\데이터관리 20130319\x64\Debug\CL.write.1.tlog
D:\★작업중\★C,C++\자료구조 프로그래밍\데이터관리 20130319 - 연결리스트 - 데이터 파싱\데이터관리 20130319\x64\Debug\link-cvtres.read.1.tlog
D:\★작업중\★C,C++\자료구조 프로그래밍\데이터관리 20130319 - 연결리스트 - 데이터 파싱\데이터관리 20130319\x64\Debug\link-cvtres.write.1.tlog
D:\★작업중\★C,C++\자료구조 프로그래밍\데이터관리 20130319 - 연결리스트 - 데이터 파싱\데이터관리 20130319\x64\Debug\link-rc.read.1.tlog
D:\★작업중\★C,C++\자료구조 프로그래밍\데이터관리 20130319 - 연결리스트 - 데이터 파싱\데이터관리 20130319\x64\Debug\link-rc.write.1.tlog
D:\★작업중\★C,C++\자료구조 프로그래밍\데이터관리 20130319 - 연결리스트 - 데이터 파싱\데이터관리 20130319\x64\Debug\link.command.1.tlog
D:\★작업중\★C,C++\자료구조 프로그래밍\데이터관리 20130319 - 연결리스트 - 데이터 파싱\데이터관리 20130319\x64\Debug\link.read.1.tlog
D:\★작업중\★C,C++\자료구조 프로그래밍\데이터관리 20130319 - 연결리스트 - 데이터 파싱\데이터관리 20130319\x64\Debug\link.write.1.tlog
D:\★작업중\★C,C++\자료구조 프로그래밍\데이터관리 20130319 - 연결리스트 - 데이터 파싱\데이터관리 20130319\x64\Debug\vc110.idb
D:\★작업중\★C,C++\자료구조 프로그래밍\데이터관리 20130319 - 연결리스트 - 데이터 파싱\데이터관리 20130319\x64\Debug\vc110.pdb
D:\★작업중\★C,C++\자료구조 프로그래밍\데이터관리 20130319 - 연결리스트 - 데이터 파싱\x64\Debug\데이터관리 20130319.pdb
D:\★작업중\★C,C++\자료구조 프로그래밍\데이터관리 20130319 - 연결리스트 - 데이터 파싱\x64\Debug\데이터관리 20130319.exe
D:\★작업중\★C,C++\자료구조 프로그래밍\데이터관리 20130319 - 연결리스트 - 데이터 파싱\x64\Debug\데이터관리 20130319.ilk
