빌드 시작: 2013-06-10 오후 4:38:01
     1>2 노드의 "D:\★작업중\★C,C++\자료구조 프로그래밍\데이터관리 20130521 - 이진트리\데이터관리 20130319\데이터관리 20130319.vcxproj" 프로젝트(Build 대상)입니다.
     1>InitializeBuildStatus:
         "AlwaysCreate"이(가) 지정되었기 때문에 "Debug\데이터관리 20130319.unsuccessfulbuild"을(를) 만들고 있습니다.
       ClCompile:
         C:\Program Files (x86)\Microsoft Visual Studio 11.0\VC\bin\CL.exe /c /ZI /nologo /W3 /WX- /Od /Oy- /D WIN32 /D _DEBUG /D _CONSOLE /D _UNICODE /D UNICODE /Gm /EHsc /RTC1 /MDd /GS /fp:precise /Zc:wchar_t /Zc:forScope /Fo"Debug\\" /Fd"Debug\vc110.pdb" /Gd /TP /analyze- /errorReport:prompt Main.cpp
         Main.cpp
     1>d:\★작업중\★c,c++\자료구조 프로그래밍\데이터관리 20130521 - 이진트리\데이터관리 20130319\main.cpp(66): warning C4996: 'scanf': This function or variable may be unsafe. Consider using scanf_s instead. To disable deprecation, use _CRT_SECURE_NO_WARNINGS. See online help for details.
                 c:\program files (x86)\microsoft visual studio 11.0\vc\include\stdio.h(290) : 'scanf' 선언을 참조하십시오.
     1>d:\★작업중\★c,c++\자료구조 프로그래밍\데이터관리 20130521 - 이진트리\데이터관리 20130319\main.cpp(72): warning C4996: 'scanf': This function or variable may be unsafe. Consider using scanf_s instead. To disable deprecation, use _CRT_SECURE_NO_WARNINGS. See online help for details.
                 c:\program files (x86)\microsoft visual studio 11.0\vc\include\stdio.h(290) : 'scanf' 선언을 참조하십시오.
     1>d:\★작업중\★c,c++\자료구조 프로그래밍\데이터관리 20130521 - 이진트리\데이터관리 20130319\main.cpp(87): warning C4996: 'scanf': This function or variable may be unsafe. Consider using scanf_s instead. To disable deprecation, use _CRT_SECURE_NO_WARNINGS. See online help for details.
                 c:\program files (x86)\microsoft visual studio 11.0\vc\include\stdio.h(290) : 'scanf' 선언을 참조하십시오.
     1>d:\★작업중\★c,c++\자료구조 프로그래밍\데이터관리 20130521 - 이진트리\데이터관리 20130319\main.cpp(93): warning C4996: 'scanf': This function or variable may be unsafe. Consider using scanf_s instead. To disable deprecation, use _CRT_SECURE_NO_WARNINGS. See online help for details.
                 c:\program files (x86)\microsoft visual studio 11.0\vc\include\stdio.h(290) : 'scanf' 선언을 참조하십시오.
     1>d:\★작업중\★c,c++\자료구조 프로그래밍\데이터관리 20130521 - 이진트리\데이터관리 20130319\main.cpp(121): warning C4996: 'scanf': This function or variable may be unsafe. Consider using scanf_s instead. To disable deprecation, use _CRT_SECURE_NO_WARNINGS. See online help for details.
                 c:\program files (x86)\microsoft visual studio 11.0\vc\include\stdio.h(290) : 'scanf' 선언을 참조하십시오.
     1>d:\★작업중\★c,c++\자료구조 프로그래밍\데이터관리 20130521 - 이진트리\데이터관리 20130319\main.cpp(165): warning C4996: 'strcpy': This function or variable may be unsafe. Consider using strcpy_s instead. To disable deprecation, use _CRT_SECURE_NO_WARNINGS. See online help for details.
                 c:\program files (x86)\microsoft visual studio 11.0\vc\include\string.h(110) : 'strcpy' 선언을 참조하십시오.
     1>d:\★작업중\★c,c++\자료구조 프로그래밍\데이터관리 20130521 - 이진트리\데이터관리 20130319\main.cpp(166): warning C4996: 'strcpy': This function or variable may be unsafe. Consider using strcpy_s instead. To disable deprecation, use _CRT_SECURE_NO_WARNINGS. See online help for details.
                 c:\program files (x86)\microsoft visual studio 11.0\vc\include\string.h(110) : 'strcpy' 선언을 참조하십시오.
     1>d:\★작업중\★c,c++\자료구조 프로그래밍\데이터관리 20130521 - 이진트리\데이터관리 20130319\main.cpp(211): warning C4996: 'fopen': This function or variable may be unsafe. Consider using fopen_s instead. To disable deprecation, use _CRT_SECURE_NO_WARNINGS. See online help for details.
                 c:\program files (x86)\microsoft visual studio 11.0\vc\include\stdio.h(218) : 'fopen' 선언을 참조하십시오.
     1>d:\★작업중\★c,c++\자료구조 프로그래밍\데이터관리 20130521 - 이진트리\데이터관리 20130319\main.cpp(220): warning C4996: 'fscanf': This function or variable may be unsafe. Consider using fscanf_s instead. To disable deprecation, use _CRT_SECURE_NO_WARNINGS. See online help for details.
                 c:\program files (x86)\microsoft visual studio 11.0\vc\include\stdio.h(237) : 'fscanf' 선언을 참조하십시오.
     1>d:\★작업중\★c,c++\자료구조 프로그래밍\데이터관리 20130521 - 이진트리\데이터관리 20130319\main.cpp(224): warning C4996: 'strcpy': This function or variable may be unsafe. Consider using strcpy_s instead. To disable deprecation, use _CRT_SECURE_NO_WARNINGS. See online help for details.
                 c:\program files (x86)\microsoft visual studio 11.0\vc\include\string.h(110) : 'strcpy' 선언을 참조하십시오.
     1>d:\★작업중\★c,c++\자료구조 프로그래밍\데이터관리 20130521 - 이진트리\데이터관리 20130319\main.cpp(225): warning C4996: 'strcpy': This function or variable may be unsafe. Consider using strcpy_s instead. To disable deprecation, use _CRT_SECURE_NO_WARNINGS. See online help for details.
                 c:\program files (x86)\microsoft visual studio 11.0\vc\include\string.h(110) : 'strcpy' 선언을 참조하십시오.
     1>d:\★작업중\★c,c++\자료구조 프로그래밍\데이터관리 20130521 - 이진트리\데이터관리 20130319\main.cpp(287): warning C4996: 'scanf': This function or variable may be unsafe. Consider using scanf_s instead. To disable deprecation, use _CRT_SECURE_NO_WARNINGS. See online help for details.
                 c:\program files (x86)\microsoft visual studio 11.0\vc\include\stdio.h(290) : 'scanf' 선언을 참조하십시오.
     1>d:\★작업중\★c,c++\자료구조 프로그래밍\데이터관리 20130521 - 이진트리\데이터관리 20130319\main.cpp(290): warning C4996: 'scanf': This function or variable may be unsafe. Consider using scanf_s instead. To disable deprecation, use _CRT_SECURE_NO_WARNINGS. See online help for details.
                 c:\program files (x86)\microsoft visual studio 11.0\vc\include\stdio.h(290) : 'scanf' 선언을 참조하십시오.
     1>d:\★작업중\★c,c++\자료구조 프로그래밍\데이터관리 20130521 - 이진트리\데이터관리 20130319\main.cpp(293): warning C4996: 'scanf': This function or variable may be unsafe. Consider using scanf_s instead. To disable deprecation, use _CRT_SECURE_NO_WARNINGS. See online help for details.
                 c:\program files (x86)\microsoft visual studio 11.0\vc\include\stdio.h(290) : 'scanf' 선언을 참조하십시오.
     1>d:\★작업중\★c,c++\자료구조 프로그래밍\데이터관리 20130521 - 이진트리\데이터관리 20130319\main.cpp(296): warning C4996: 'scanf': This function or variable may be unsafe. Consider using scanf_s instead. To disable deprecation, use _CRT_SECURE_NO_WARNINGS. See online help for details.
                 c:\program files (x86)\microsoft visual studio 11.0\vc\include\stdio.h(290) : 'scanf' 선언을 참조하십시오.
     1>d:\★작업중\★c,c++\자료구조 프로그래밍\데이터관리 20130521 - 이진트리\데이터관리 20130319\main.cpp(278): warning C4715: 'isDataNumSearch' : 모든 제어 경로에서 값을 반환하지는 않습니다.
     1>d:\★작업중\★c,c++\자료구조 프로그래밍\데이터관리 20130521 - 이진트리\데이터관리 20130319\main.cpp(257): warning C4715: 'isDataSearch' : 모든 제어 경로에서 값을 반환하지는 않습니다.
       Link:
         C:\Program Files (x86)\Microsoft Visual Studio 11.0\VC\bin\link.exe /ERRORREPORT:PROMPT /OUT:"D:\★작업중\★C,C++\자료구조 프로그래밍\데이터관리 20130521 - 이진트리\Debug\데이터관리 20130319.exe" /INCREMENTAL /NOLOGO kernel32.lib user32.lib gdi32.lib winspool.lib comdlg32.lib advapi32.lib shell32.lib ole32.lib oleaut32.lib uuid.lib odbc32.lib odbccp32.lib /MANIFEST /MANIFESTUAC:"level='asInvoker' uiAccess='false'" /manifest:embed /DEBUG /PDB:"D:\★작업중\★C,C++\자료구조 프로그래밍\데이터관리 20130521 - 이진트리\Debug\데이터관리 20130319.pdb" /SUBSYSTEM:CONSOLE /TLBID:1 /DYNAMICBASE /NXCOMPAT /IMPLIB:"D:\★작업중\★C,C++\자료구조 프로그래밍\데이터관리 20130521 - 이진트리\Debug\데이터관리 20130319.lib" /MACHINE:X86 /debug/machine:x64 Debug\Main.obj
     1>LINK : warning LNK4044: '/debug/machine:x64' 옵션을 인식할 수 없습니다. 무시됩니다.
         데이터관리 20130319.vcxproj -> D:\★작업중\★C,C++\자료구조 프로그래밍\데이터관리 20130521 - 이진트리\Debug\데이터관리 20130319.exe
       FinalizeBuildStatus:
         "Debug\데이터관리 20130319.unsuccessfulbuild" 파일을 삭제하고 있습니다.
         "Debug\데이터관리 20130319.lastbuildstate"에 연결(touching)하고 있습니다.
     1>"D:\★작업중\★C,C++\자료구조 프로그래밍\데이터관리 20130521 - 이진트리\데이터관리 20130319\데이터관리 20130319.vcxproj" 프로젝트를 빌드했습니다(Build 대상).

빌드했습니다.

경과 시간: 00:00:02.57
