D:\★작업중\★C,C++\자료구조 프로그래밍\데이터관리 20130521 - 이진트리\데이터관리 20130319\DEBUG\소스.OBJ
D:\★작업중\★C,C++\자료구조 프로그래밍\데이터관리 20130521 - 이진트리\데이터관리 20130319\DEBUG\VC110.PDB
D:\★작업중\★C,C++\자료구조 프로그래밍\데이터관리 20130521 - 이진트리\데이터관리 20130319\DEBUG\이진트리.OBJ
D:\★작업중\★C,C++\자료구조 프로그래밍\데이터관리 20130521 - 이진트리\데이터관리 20130319\Debug\소스.obj
D:\★작업중\★C,C++\자료구조 프로그래밍\데이터관리 20130521 - 이진트리\데이터관리 20130319\Debug\이진트리.obj
D:\★작업중\★C,C++\자료구조 프로그래밍\데이터관리 20130521 - 이진트리\데이터관리 20130319\Debug\cl.command.1.tlog
D:\★작업중\★C,C++\자료구조 프로그래밍\데이터관리 20130521 - 이진트리\데이터관리 20130319\Debug\CL.read.1.tlog
D:\★작업중\★C,C++\자료구조 프로그래밍\데이터관리 20130521 - 이진트리\데이터관리 20130319\Debug\CL.write.1.tlog
D:\★작업중\★C,C++\자료구조 프로그래밍\데이터관리 20130521 - 이진트리\데이터관리 20130319\Debug\link-cvtres.read.1.tlog
D:\★작업중\★C,C++\자료구조 프로그래밍\데이터관리 20130521 - 이진트리\데이터관리 20130319\Debug\link-cvtres.write.1.tlog
D:\★작업중\★C,C++\자료구조 프로그래밍\데이터관리 20130521 - 이진트리\데이터관리 20130319\Debug\link-rc.read.1.tlog
D:\★작업중\★C,C++\자료구조 프로그래밍\데이터관리 20130521 - 이진트리\데이터관리 20130319\Debug\link-rc.write.1.tlog
D:\★작업중\★C,C++\자료구조 프로그래밍\데이터관리 20130521 - 이진트리\데이터관리 20130319\Debug\link.2312-cvtres.read.1.tlog
D:\★작업중\★C,C++\자료구조 프로그래밍\데이터관리 20130521 - 이진트리\데이터관리 20130319\Debug\link.2312-cvtres.write.1.tlog
D:\★작업중\★C,C++\자료구조 프로그래밍\데이터관리 20130521 - 이진트리\데이터관리 20130319\Debug\link.2312-rc.read.1.tlog
D:\★작업중\★C,C++\자료구조 프로그래밍\데이터관리 20130521 - 이진트리\데이터관리 20130319\Debug\link.2312-rc.write.1.tlog
D:\★작업중\★C,C++\자료구조 프로그래밍\데이터관리 20130521 - 이진트리\데이터관리 20130319\Debug\link.2312.read.1.tlog
D:\★작업중\★C,C++\자료구조 프로그래밍\데이터관리 20130521 - 이진트리\데이터관리 20130319\Debug\link.2312.write.1.tlog
D:\★작업중\★C,C++\자료구조 프로그래밍\데이터관리 20130521 - 이진트리\데이터관리 20130319\Debug\link.3720-cvtres.read.1.tlog
D:\★작업중\★C,C++\자료구조 프로그래밍\데이터관리 20130521 - 이진트리\데이터관리 20130319\Debug\link.3720-cvtres.write.1.tlog
D:\★작업중\★C,C++\자료구조 프로그래밍\데이터관리 20130521 - 이진트리\데이터관리 20130319\Debug\link.3720-rc.read.1.tlog
D:\★작업중\★C,C++\자료구조 프로그래밍\데이터관리 20130521 - 이진트리\데이터관리 20130319\Debug\link.3720-rc.write.1.tlog
D:\★작업중\★C,C++\자료구조 프로그래밍\데이터관리 20130521 - 이진트리\데이터관리 20130319\Debug\link.3720.read.1.tlog
D:\★작업중\★C,C++\자료구조 프로그래밍\데이터관리 20130521 - 이진트리\데이터관리 20130319\Debug\link.3720.write.1.tlog
D:\★작업중\★C,C++\자료구조 프로그래밍\데이터관리 20130521 - 이진트리\데이터관리 20130319\Debug\link.5528-cvtres.read.1.tlog
D:\★작업중\★C,C++\자료구조 프로그래밍\데이터관리 20130521 - 이진트리\데이터관리 20130319\Debug\link.5528-cvtres.write.1.tlog
D:\★작업중\★C,C++\자료구조 프로그래밍\데이터관리 20130521 - 이진트리\데이터관리 20130319\Debug\link.5528-rc.read.1.tlog
D:\★작업중\★C,C++\자료구조 프로그래밍\데이터관리 20130521 - 이진트리\데이터관리 20130319\Debug\link.5528-rc.write.1.tlog
D:\★작업중\★C,C++\자료구조 프로그래밍\데이터관리 20130521 - 이진트리\데이터관리 20130319\Debug\link.5528.read.1.tlog
D:\★작업중\★C,C++\자료구조 프로그래밍\데이터관리 20130521 - 이진트리\데이터관리 20130319\Debug\link.5528.write.1.tlog
D:\★작업중\★C,C++\자료구조 프로그래밍\데이터관리 20130521 - 이진트리\데이터관리 20130319\Debug\link.5708-cvtres.read.1.tlog
D:\★작업중\★C,C++\자료구조 프로그래밍\데이터관리 20130521 - 이진트리\데이터관리 20130319\Debug\link.5708-cvtres.write.1.tlog
D:\★작업중\★C,C++\자료구조 프로그래밍\데이터관리 20130521 - 이진트리\데이터관리 20130319\Debug\link.5708-rc.read.1.tlog
D:\★작업중\★C,C++\자료구조 프로그래밍\데이터관리 20130521 - 이진트리\데이터관리 20130319\Debug\link.5708-rc.write.1.tlog
D:\★작업중\★C,C++\자료구조 프로그래밍\데이터관리 20130521 - 이진트리\데이터관리 20130319\Debug\link.5708.read.1.tlog
D:\★작업중\★C,C++\자료구조 프로그래밍\데이터관리 20130521 - 이진트리\데이터관리 20130319\Debug\link.5708.write.1.tlog
D:\★작업중\★C,C++\자료구조 프로그래밍\데이터관리 20130521 - 이진트리\데이터관리 20130319\Debug\link.7704-cvtres.read.1.tlog
D:\★작업중\★C,C++\자료구조 프로그래밍\데이터관리 20130521 - 이진트리\데이터관리 20130319\Debug\link.7704-cvtres.write.1.tlog
D:\★작업중\★C,C++\자료구조 프로그래밍\데이터관리 20130521 - 이진트리\데이터관리 20130319\Debug\link.7704-rc.read.1.tlog
D:\★작업중\★C,C++\자료구조 프로그래밍\데이터관리 20130521 - 이진트리\데이터관리 20130319\Debug\link.7704-rc.write.1.tlog
D:\★작업중\★C,C++\자료구조 프로그래밍\데이터관리 20130521 - 이진트리\데이터관리 20130319\Debug\link.7704.read.1.tlog
D:\★작업중\★C,C++\자료구조 프로그래밍\데이터관리 20130521 - 이진트리\데이터관리 20130319\Debug\link.7704.write.1.tlog
D:\★작업중\★C,C++\자료구조 프로그래밍\데이터관리 20130521 - 이진트리\데이터관리 20130319\Debug\link.7856-cvtres.read.1.tlog
D:\★작업중\★C,C++\자료구조 프로그래밍\데이터관리 20130521 - 이진트리\데이터관리 20130319\Debug\link.7856-cvtres.write.1.tlog
D:\★작업중\★C,C++\자료구조 프로그래밍\데이터관리 20130521 - 이진트리\데이터관리 20130319\Debug\link.7856-rc.read.1.tlog
D:\★작업중\★C,C++\자료구조 프로그래밍\데이터관리 20130521 - 이진트리\데이터관리 20130319\Debug\link.7856-rc.write.1.tlog
D:\★작업중\★C,C++\자료구조 프로그래밍\데이터관리 20130521 - 이진트리\데이터관리 20130319\Debug\link.7856.read.1.tlog
D:\★작업중\★C,C++\자료구조 프로그래밍\데이터관리 20130521 - 이진트리\데이터관리 20130319\Debug\link.7856.write.1.tlog
D:\★작업중\★C,C++\자료구조 프로그래밍\데이터관리 20130521 - 이진트리\데이터관리 20130319\Debug\link.command.1.tlog
D:\★작업중\★C,C++\자료구조 프로그래밍\데이터관리 20130521 - 이진트리\데이터관리 20130319\Debug\link.read.1.tlog
D:\★작업중\★C,C++\자료구조 프로그래밍\데이터관리 20130521 - 이진트리\데이터관리 20130319\Debug\link.write.1.tlog
D:\★작업중\★C,C++\자료구조 프로그래밍\데이터관리 20130521 - 이진트리\데이터관리 20130319\Debug\vc110.idb
D:\★작업중\★C,C++\자료구조 프로그래밍\데이터관리 20130521 - 이진트리\데이터관리 20130319\Debug\vc110.pdb
D:\★작업중\★C,C++\자료구조 프로그래밍\데이터관리 20130521 - 이진트리\Debug\데이터관리 20130319.pdb
