빌드 시작: 2013-05-07 오후 10:29:27
     1>2 노드의 "D:\★작업중\★C,C++\자료구조 프로그래밍\오델로 완성하기 - 5월7일 실습문제 스택\ConsoleApplication2\ConsoleApplication2.vcxproj" 프로젝트(Build 대상)입니다.
     1>InitializeBuildStatus:
         "AlwaysCreate"이(가) 지정되었기 때문에 "Debug\ConsoleApplication2.unsuccessfulbuild"을(를) 만들고 있습니다.
       ClCompile:
         C:\Program Files (x86)\Microsoft Visual Studio 11.0\VC\bin\CL.exe /c /ZI /nologo /W3 /WX- /Od /Oy- /D WIN32 /D _DEBUG /D _CONSOLE /D _UNICODE /D UNICODE /Gm /EHsc /RTC1 /MDd /GS /fp:precise /Zc:wchar_t /Zc:forScope /Fo"Debug\\" /Fd"Debug\vc110.pdb" /Gd /TP /analyze- /errorReport:prompt "소스.cpp"
         소스.cpp
     1>d:\★작업중\★c,c++\자료구조 프로그래밍\오델로 완성하기 - 5월7일 실습문제 스택\consoleapplication2\소스.cpp(160): warning C4996: 'getch': The POSIX name for this item is deprecated. Instead, use the ISO C++ conformant name: _getch. See online help for details.
                 c:\program files (x86)\microsoft visual studio 11.0\vc\include\conio.h(131) : 'getch' 선언을 참조하십시오.
     1>d:\★작업중\★c,c++\자료구조 프로그래밍\오델로 완성하기 - 5월7일 실습문제 스택\consoleapplication2\소스.cpp(393): warning C4996: 'unlink': The POSIX name for this item is deprecated. Instead, use the ISO C++ conformant name: _unlink. See online help for details.
                 c:\program files (x86)\microsoft visual studio 11.0\vc\include\stdio.h(285) : 'unlink' 선언을 참조하십시오.
     1>d:\★작업중\★c,c++\자료구조 프로그래밍\오델로 완성하기 - 5월7일 실습문제 스택\consoleapplication2\소스.cpp(401): warning C4996: 'fopen': This function or variable may be unsafe. Consider using fopen_s instead. To disable deprecation, use _CRT_SECURE_NO_WARNINGS. See online help for details.
                 c:\program files (x86)\microsoft visual studio 11.0\vc\include\stdio.h(218) : 'fopen' 선언을 참조하십시오.
     1>d:\★작업중\★c,c++\자료구조 프로그래밍\오델로 완성하기 - 5월7일 실습문제 스택\consoleapplication2\소스.cpp(424): warning C4996: 'fopen': This function or variable may be unsafe. Consider using fopen_s instead. To disable deprecation, use _CRT_SECURE_NO_WARNINGS. See online help for details.
                 c:\program files (x86)\microsoft visual studio 11.0\vc\include\stdio.h(218) : 'fopen' 선언을 참조하십시오.
     1>d:\★작업중\★c,c++\자료구조 프로그래밍\오델로 완성하기 - 5월7일 실습문제 스택\consoleapplication2\소스.cpp(427): warning C4996: 'fscanf': This function or variable may be unsafe. Consider using fscanf_s instead. To disable deprecation, use _CRT_SECURE_NO_WARNINGS. See online help for details.
                 c:\program files (x86)\microsoft visual studio 11.0\vc\include\stdio.h(237) : 'fscanf' 선언을 참조하십시오.
       Link:
         C:\Program Files (x86)\Microsoft Visual Studio 11.0\VC\bin\link.exe /ERRORREPORT:PROMPT /OUT:"D:\★작업중\★C,C++\자료구조 프로그래밍\오델로 완성하기 - 5월7일 실습문제 스택\Debug\ConsoleApplication2.exe" /INCREMENTAL /NOLOGO kernel32.lib user32.lib gdi32.lib winspool.lib comdlg32.lib advapi32.lib shell32.lib ole32.lib oleaut32.lib uuid.lib odbc32.lib odbccp32.lib /MANIFEST /MANIFESTUAC:"level='asInvoker' uiAccess='false'" /manifest:embed /DEBUG /PDB:"D:\★작업중\★C,C++\자료구조 프로그래밍\오델로 완성하기 - 5월7일 실습문제 스택\Debug\ConsoleApplication2.pdb" /SUBSYSTEM:CONSOLE /TLBID:1 /DYNAMICBASE /NXCOMPAT /IMPLIB:"D:\★작업중\★C,C++\자료구조 프로그래밍\오델로 완성하기 - 5월7일 실습문제 스택\Debug\ConsoleApplication2.lib" /MACHINE:X86 "Debug\소스.obj"
         ConsoleApplication2.vcxproj -> D:\★작업중\★C,C++\자료구조 프로그래밍\오델로 완성하기 - 5월7일 실습문제 스택\Debug\ConsoleApplication2.exe
       FinalizeBuildStatus:
         "Debug\ConsoleApplication2.unsuccessfulbuild" 파일을 삭제하고 있습니다.
         "Debug\ConsoleApplication2.lastbuildstate"에 연결(touching)하고 있습니다.
     1>"D:\★작업중\★C,C++\자료구조 프로그래밍\오델로 완성하기 - 5월7일 실습문제 스택\ConsoleApplication2\ConsoleApplication2.vcxproj" 프로젝트를 빌드했습니다(Build 대상).

빌드했습니다.

경과 시간: 00:00:01.85
