빌드 시작: 2013-06-21 오후 9:06:58
     1>2 노드의 "D:\★작업중\★C,C++\자료구조 프로그래밍\오델로 AI 제작하기\ConsoleApplication2\ConsoleApplication2.vcxproj" 프로젝트(Build 대상)입니다.
     1>InitializeBuildStatus:
         "AlwaysCreate"이(가) 지정되었기 때문에 "Debug\ConsoleApplication2.unsuccessfulbuild"을(를) 만들고 있습니다.
       ClCompile:
         C:\Program Files (x86)\Microsoft Visual Studio 11.0\VC\bin\CL.exe /c /ZI /nologo /W3 /WX- /Od /Oy- /D WIN32 /D _DEBUG /D _CONSOLE /D _UNICODE /D UNICODE /Gm /EHsc /RTC1 /MDd /GS /fp:precise /Zc:wchar_t /Zc:forScope /Fo"Debug\\" /Fd"Debug\vc110.pdb" /Gd /TP /analyze- /errorReport:prompt OdelloAI.cpp
         OdelloAI.cpp
     1>d:\★작업중\★c,c++\자료구조 프로그래밍\오델로 ai 제작하기\consoleapplication2\odelloai.cpp(127): warning C4996: 'getch': The POSIX name for this item is deprecated. Instead, use the ISO C++ conformant name: _getch. See online help for details.
                 c:\program files (x86)\microsoft visual studio 11.0\vc\include\conio.h(131) : 'getch' 선언을 참조하십시오.
     1>d:\★작업중\★c,c++\자료구조 프로그래밍\오델로 ai 제작하기\consoleapplication2\odelloai.cpp(201): warning C4996: 'getch': The POSIX name for this item is deprecated. Instead, use the ISO C++ conformant name: _getch. See online help for details.
                 c:\program files (x86)\microsoft visual studio 11.0\vc\include\conio.h(131) : 'getch' 선언을 참조하십시오.
     1>d:\★작업중\★c,c++\자료구조 프로그래밍\오델로 ai 제작하기\consoleapplication2\odelloai.cpp(204): warning C4060: switch문에 'case' 또는 'default' 레이블이 없습니다.
     1>d:\★작업중\★c,c++\자료구조 프로그래밍\오델로 ai 제작하기\consoleapplication2\odelloai.cpp(580): warning C4258: 'i' : for 루프의 정의가 무시되고 바깥쪽 범위의 정의가 사용됩니다.
                 d:\★작업중\★c,c++\자료구조 프로그래밍\오델로 ai 제작하기\consoleapplication2\odelloai.cpp(555) : 'i' 정의가 무시됩니다.
                 d:\★작업중\★c,c++\자료구조 프로그래밍\오델로 ai 제작하기\consoleapplication2\odelloai.cpp(509) : 'i' 정의가 사용됩니다.
     1>d:\★작업중\★c,c++\자료구조 프로그래밍\오델로 ai 제작하기\consoleapplication2\odelloai.cpp(581): warning C4258: 'i' : for 루프의 정의가 무시되고 바깥쪽 범위의 정의가 사용됩니다.
                 d:\★작업중\★c,c++\자료구조 프로그래밍\오델로 ai 제작하기\consoleapplication2\odelloai.cpp(555) : 'i' 정의가 무시됩니다.
                 d:\★작업중\★c,c++\자료구조 프로그래밍\오델로 ai 제작하기\consoleapplication2\odelloai.cpp(509) : 'i' 정의가 사용됩니다.
     1>d:\★작업중\★c,c++\자료구조 프로그래밍\오델로 ai 제작하기\consoleapplication2\odelloai.cpp(915): warning C4258: 'i' : for 루프의 정의가 무시되고 바깥쪽 범위의 정의가 사용됩니다.
                 d:\★작업중\★c,c++\자료구조 프로그래밍\오델로 ai 제작하기\consoleapplication2\odelloai.cpp(899) : 'i' 정의가 무시됩니다.
                 d:\★작업중\★c,c++\자료구조 프로그래밍\오델로 ai 제작하기\consoleapplication2\odelloai.cpp(858) : 'i' 정의가 사용됩니다.
     1>d:\★작업중\★c,c++\자료구조 프로그래밍\오델로 ai 제작하기\consoleapplication2\odelloai.cpp(931): warning C4258: 'i' : for 루프의 정의가 무시되고 바깥쪽 범위의 정의가 사용됩니다.
                 d:\★작업중\★c,c++\자료구조 프로그래밍\오델로 ai 제작하기\consoleapplication2\odelloai.cpp(899) : 'i' 정의가 무시됩니다.
                 d:\★작업중\★c,c++\자료구조 프로그래밍\오델로 ai 제작하기\consoleapplication2\odelloai.cpp(858) : 'i' 정의가 사용됩니다.
     1>d:\★작업중\★c,c++\자료구조 프로그래밍\오델로 ai 제작하기\consoleapplication2\odelloai.cpp(938): warning C4258: 'i' : for 루프의 정의가 무시되고 바깥쪽 범위의 정의가 사용됩니다.
                 d:\★작업중\★c,c++\자료구조 프로그래밍\오델로 ai 제작하기\consoleapplication2\odelloai.cpp(899) : 'i' 정의가 무시됩니다.
                 d:\★작업중\★c,c++\자료구조 프로그래밍\오델로 ai 제작하기\consoleapplication2\odelloai.cpp(858) : 'i' 정의가 사용됩니다.
     1>d:\★작업중\★c,c++\자료구조 프로그래밍\오델로 ai 제작하기\consoleapplication2\odelloai.cpp(954): warning C4258: 'i' : for 루프의 정의가 무시되고 바깥쪽 범위의 정의가 사용됩니다.
                 d:\★작업중\★c,c++\자료구조 프로그래밍\오델로 ai 제작하기\consoleapplication2\odelloai.cpp(899) : 'i' 정의가 무시됩니다.
                 d:\★작업중\★c,c++\자료구조 프로그래밍\오델로 ai 제작하기\consoleapplication2\odelloai.cpp(858) : 'i' 정의가 사용됩니다.
       Link:
         C:\Program Files (x86)\Microsoft Visual Studio 11.0\VC\bin\link.exe /ERRORREPORT:PROMPT /OUT:"D:\★작업중\★C,C++\자료구조 프로그래밍\오델로 AI 제작하기\Debug\ConsoleApplication2.exe" /INCREMENTAL /NOLOGO kernel32.lib user32.lib gdi32.lib winspool.lib comdlg32.lib advapi32.lib shell32.lib ole32.lib oleaut32.lib uuid.lib odbc32.lib odbccp32.lib /MANIFEST /MANIFESTUAC:"level='asInvoker' uiAccess='false'" /manifest:embed /DEBUG /PDB:"D:\★작업중\★C,C++\자료구조 프로그래밍\오델로 AI 제작하기\Debug\ConsoleApplication2.pdb" /SUBSYSTEM:CONSOLE /TLBID:1 /DYNAMICBASE /NXCOMPAT /IMPLIB:"D:\★작업중\★C,C++\자료구조 프로그래밍\오델로 AI 제작하기\Debug\ConsoleApplication2.lib" /MACHINE:X86 Debug\OdelloAI.obj
         "Debug\소스3.obj"
         ConsoleApplication2.vcxproj -> D:\★작업중\★C,C++\자료구조 프로그래밍\오델로 AI 제작하기\Debug\ConsoleApplication2.exe
       FinalizeBuildStatus:
         "Debug\ConsoleApplication2.unsuccessfulbuild" 파일을 삭제하고 있습니다.
         "Debug\ConsoleApplication2.lastbuildstate"에 연결(touching)하고 있습니다.
     1>"D:\★작업중\★C,C++\자료구조 프로그래밍\오델로 AI 제작하기\ConsoleApplication2\ConsoleApplication2.vcxproj" 프로젝트를 빌드했습니다(Build 대상).

빌드했습니다.

경과 시간: 00:00:02.17
