C:\USERS\E219_26\DESKTOP\2012180004_권창현\2012180004_권창현\DEBUG\VC100.PDB
C:\USERS\E219_26\DESKTOP\2012180004_권창현\2012180004_권창현\DEBUG\2012180004_권창현.OBJ
C:\USERS\E219_26\DESKTOP\2012180004_권창현\2012180004_권창현\DEBUG\2012180004_권창현(B).OBJ
D:\★작업중\★C,C++\자료구조 프로그래밍\2012180004_권창현\2012180004_권창현\DEBUG\2012180004_권창현(B).OBJ
D:\★작업중\★C,C++\자료구조 프로그래밍\2012180004_권창현\2012180004_권창현\DEBUG\VC110.PDB
C:\USERS\E219_26\DESKTOP\2012180004_권창현\DEBUG\2012180004_권창현.ILK
C:\USERS\E219_26\DESKTOP\2012180004_권창현\DEBUG\2012180004_권창현.EXE
C:\USERS\E219_26\DESKTOP\2012180004_권창현\2012180004_권창현\DEBUG\2012180004_권창현.EXE.INTERMEDIATE.MANIFEST
C:\USERS\E219_26\DESKTOP\2012180004_권창현\DEBUG\2012180004_권창현.PDB
C:\USERS\E219_26\DESKTOP\2012180004_권창현\2012180004_권창현\DEBUG\2012180004_권창현.EXE.EMBED.MANIFEST
C:\USERS\E219_26\DESKTOP\2012180004_권창현\2012180004_권창현\DEBUG\2012180004_권창현.EXE.EMBED.MANIFEST.RES
D:\★작업중\★C,C++\자료구조 프로그래밍\2012180004_권창현\2012180004_권창현\Debug\2012180004_권창현(B).obj
D:\★작업중\★C,C++\자료구조 프로그래밍\2012180004_권창현\2012180004_권창현\Debug\2012180004_권창현.obj
D:\★작업중\★C,C++\자료구조 프로그래밍\2012180004_권창현\2012180004_권창현\Debug\cl.command.1.tlog
D:\★작업중\★C,C++\자료구조 프로그래밍\2012180004_권창현\2012180004_권창현\Debug\CL.read.1.tlog
D:\★작업중\★C,C++\자료구조 프로그래밍\2012180004_권창현\2012180004_권창현\Debug\CL.write.1.tlog
D:\★작업중\★C,C++\자료구조 프로그래밍\2012180004_권창현\2012180004_권창현\Debug\link-cvtres.read.1.tlog
D:\★작업중\★C,C++\자료구조 프로그래밍\2012180004_권창현\2012180004_권창현\Debug\link-cvtres.write.1.tlog
D:\★작업중\★C,C++\자료구조 프로그래밍\2012180004_권창현\2012180004_권창현\Debug\link-rc.read.1.tlog
D:\★작업중\★C,C++\자료구조 프로그래밍\2012180004_권창현\2012180004_권창현\Debug\link-rc.write.1.tlog
D:\★작업중\★C,C++\자료구조 프로그래밍\2012180004_권창현\2012180004_권창현\Debug\link.1996-cvtres.read.1.tlog
D:\★작업중\★C,C++\자료구조 프로그래밍\2012180004_권창현\2012180004_권창현\Debug\link.1996-cvtres.write.1.tlog
D:\★작업중\★C,C++\자료구조 프로그래밍\2012180004_권창현\2012180004_권창현\Debug\link.1996.read.1.tlog
D:\★작업중\★C,C++\자료구조 프로그래밍\2012180004_권창현\2012180004_권창현\Debug\link.1996.write.1.tlog
D:\★작업중\★C,C++\자료구조 프로그래밍\2012180004_권창현\2012180004_권창현\Debug\link.2876-cvtres.read.1.tlog
D:\★작업중\★C,C++\자료구조 프로그래밍\2012180004_권창현\2012180004_권창현\Debug\link.2876-cvtres.write.1.tlog
D:\★작업중\★C,C++\자료구조 프로그래밍\2012180004_권창현\2012180004_권창현\Debug\link.2876.read.1.tlog
D:\★작업중\★C,C++\자료구조 프로그래밍\2012180004_권창현\2012180004_권창현\Debug\link.2876.write.1.tlog
D:\★작업중\★C,C++\자료구조 프로그래밍\2012180004_권창현\2012180004_권창현\Debug\link.3048-cvtres.read.1.tlog
D:\★작업중\★C,C++\자료구조 프로그래밍\2012180004_권창현\2012180004_권창현\Debug\link.3048-cvtres.write.1.tlog
D:\★작업중\★C,C++\자료구조 프로그래밍\2012180004_권창현\2012180004_권창현\Debug\link.3048.read.1.tlog
D:\★작업중\★C,C++\자료구조 프로그래밍\2012180004_권창현\2012180004_권창현\Debug\link.3048.write.1.tlog
D:\★작업중\★C,C++\자료구조 프로그래밍\2012180004_권창현\2012180004_권창현\Debug\link.3500-cvtres.read.1.tlog
D:\★작업중\★C,C++\자료구조 프로그래밍\2012180004_권창현\2012180004_권창현\Debug\link.3500-cvtres.write.1.tlog
D:\★작업중\★C,C++\자료구조 프로그래밍\2012180004_권창현\2012180004_권창현\Debug\link.3500.read.1.tlog
D:\★작업중\★C,C++\자료구조 프로그래밍\2012180004_권창현\2012180004_권창현\Debug\link.3500.write.1.tlog
D:\★작업중\★C,C++\자료구조 프로그래밍\2012180004_권창현\2012180004_권창현\Debug\link.4800-cvtres.read.1.tlog
D:\★작업중\★C,C++\자료구조 프로그래밍\2012180004_권창현\2012180004_권창현\Debug\link.4800-cvtres.write.1.tlog
D:\★작업중\★C,C++\자료구조 프로그래밍\2012180004_권창현\2012180004_권창현\Debug\link.4800.read.1.tlog
D:\★작업중\★C,C++\자료구조 프로그래밍\2012180004_권창현\2012180004_권창현\Debug\link.4800.write.1.tlog
D:\★작업중\★C,C++\자료구조 프로그래밍\2012180004_권창현\2012180004_권창현\Debug\link.6064-cvtres.read.1.tlog
D:\★작업중\★C,C++\자료구조 프로그래밍\2012180004_권창현\2012180004_권창현\Debug\link.6064-cvtres.write.1.tlog
D:\★작업중\★C,C++\자료구조 프로그래밍\2012180004_권창현\2012180004_권창현\Debug\link.6064.read.1.tlog
D:\★작업중\★C,C++\자료구조 프로그래밍\2012180004_권창현\2012180004_권창현\Debug\link.6064.write.1.tlog
D:\★작업중\★C,C++\자료구조 프로그래밍\2012180004_권창현\2012180004_권창현\Debug\link.command.1.tlog
D:\★작업중\★C,C++\자료구조 프로그래밍\2012180004_권창현\2012180004_권창현\Debug\link.read.1.tlog
D:\★작업중\★C,C++\자료구조 프로그래밍\2012180004_권창현\2012180004_권창현\Debug\link.write.1.tlog
D:\★작업중\★C,C++\자료구조 프로그래밍\2012180004_권창현\2012180004_권창현\Debug\mt.command.1.tlog
D:\★작업중\★C,C++\자료구조 프로그래밍\2012180004_권창현\2012180004_권창현\Debug\mt.read.1.tlog
D:\★작업중\★C,C++\자료구조 프로그래밍\2012180004_권창현\2012180004_권창현\Debug\mt.write.1.tlog
D:\★작업중\★C,C++\자료구조 프로그래밍\2012180004_권창현\2012180004_권창현\Debug\rc.command.1.tlog
D:\★작업중\★C,C++\자료구조 프로그래밍\2012180004_권창현\2012180004_권창현\Debug\rc.read.1.tlog
D:\★작업중\★C,C++\자료구조 프로그래밍\2012180004_권창현\2012180004_권창현\Debug\rc.write.1.tlog
D:\★작업중\★C,C++\자료구조 프로그래밍\2012180004_권창현\2012180004_권창현\Debug\2012180004_권창현.exe.embed.manifest
D:\★작업중\★C,C++\자료구조 프로그래밍\2012180004_권창현\2012180004_권창현\Debug\2012180004_권창현.exe.intermediate.manifest
D:\★작업중\★C,C++\자료구조 프로그래밍\2012180004_권창현\2012180004_권창현\Debug\2012180004_권창현.exe.embed.manifest.res
D:\★작업중\★C,C++\자료구조 프로그래밍\2012180004_권창현\2012180004_권창현\Debug\vc100.idb
D:\★작업중\★C,C++\자료구조 프로그래밍\2012180004_권창현\2012180004_권창현\Debug\vc110.idb
D:\★작업중\★C,C++\자료구조 프로그래밍\2012180004_권창현\2012180004_권창현\Debug\vc100.pdb
D:\★작업중\★C,C++\자료구조 프로그래밍\2012180004_권창현\2012180004_권창현\Debug\vc110.pdb
D:\★작업중\★C,C++\자료구조 프로그래밍\2012180004_권창현\2012180004_권창현\Debug\2012180004_권창현_manifest.rc
D:\★작업중\★C,C++\자료구조 프로그래밍\2012180004_권창현\Debug\2012180004_권창현.pdb
