빌드 시작: 2013-06-23 오후 9:18:14
     1>2 노드의 "D:\★작업중\★C,C++\자료구조 프로그래밍\OdeloBattleSystem_Ver.2\OdeloBattleSystem\OdeloBattleSystem.vcxproj" 프로젝트(Build 대상)입니다.
     1>InitializeBuildStatus:
         "AlwaysCreate"이(가) 지정되었기 때문에 "Debug\OdeloBattleSystem.unsuccessfulbuild"을(를) 만들고 있습니다.
       ClCompile:
         c:\Program Files (x86)\Microsoft Visual Studio 10.0\VC\bin\CL.exe /c /ZI /nologo /W3 /WX- /Od /Oy- /D WIN32 /D _DEBUG /D _CONSOLE /D _UNICODE /D UNICODE /Gm /EHsc /RTC1 /MDd /GS /fp:precise /Zc:wchar_t /Zc:forScope /Fo"Debug\\" /Fd"Debug\vc100.pdb" /Gd /TP /analyze- /errorReport:prompt WhiteAI_2012180004.cpp
         WhiteAI_2012180004.cpp
     1>d:\★작업중\★c,c++\자료구조 프로그래밍\odelobattlesystem_ver.2\odelobattlesystem\whiteai_2012180004.cpp(152): warning C4258: 'i' : for 루프의 정의가 무시되고 바깥쪽 범위의 정의가 사용됩니다.
                 d:\★작업중\★c,c++\자료구조 프로그래밍\odelobattlesystem_ver.2\odelobattlesystem\whiteai_2012180004.cpp(127) : 'i' 정의가 무시됩니다.
                 d:\★작업중\★c,c++\자료구조 프로그래밍\odelobattlesystem_ver.2\odelobattlesystem\whiteai_2012180004.cpp(81) : 'i' 정의가 사용됩니다.
     1>d:\★작업중\★c,c++\자료구조 프로그래밍\odelobattlesystem_ver.2\odelobattlesystem\whiteai_2012180004.cpp(153): warning C4258: 'i' : for 루프의 정의가 무시되고 바깥쪽 범위의 정의가 사용됩니다.
                 d:\★작업중\★c,c++\자료구조 프로그래밍\odelobattlesystem_ver.2\odelobattlesystem\whiteai_2012180004.cpp(127) : 'i' 정의가 무시됩니다.
                 d:\★작업중\★c,c++\자료구조 프로그래밍\odelobattlesystem_ver.2\odelobattlesystem\whiteai_2012180004.cpp(81) : 'i' 정의가 사용됩니다.
     1>d:\★작업중\★c,c++\자료구조 프로그래밍\odelobattlesystem_ver.2\odelobattlesystem\whiteai_2012180004.cpp(712): warning C4258: 'i' : for 루프의 정의가 무시되고 바깥쪽 범위의 정의가 사용됩니다.
                 d:\★작업중\★c,c++\자료구조 프로그래밍\odelobattlesystem_ver.2\odelobattlesystem\whiteai_2012180004.cpp(696) : 'i' 정의가 무시됩니다.
                 d:\★작업중\★c,c++\자료구조 프로그래밍\odelobattlesystem_ver.2\odelobattlesystem\whiteai_2012180004.cpp(655) : 'i' 정의가 사용됩니다.
     1>d:\★작업중\★c,c++\자료구조 프로그래밍\odelobattlesystem_ver.2\odelobattlesystem\whiteai_2012180004.cpp(728): warning C4258: 'i' : for 루프의 정의가 무시되고 바깥쪽 범위의 정의가 사용됩니다.
                 d:\★작업중\★c,c++\자료구조 프로그래밍\odelobattlesystem_ver.2\odelobattlesystem\whiteai_2012180004.cpp(696) : 'i' 정의가 무시됩니다.
                 d:\★작업중\★c,c++\자료구조 프로그래밍\odelobattlesystem_ver.2\odelobattlesystem\whiteai_2012180004.cpp(655) : 'i' 정의가 사용됩니다.
     1>d:\★작업중\★c,c++\자료구조 프로그래밍\odelobattlesystem_ver.2\odelobattlesystem\whiteai_2012180004.cpp(735): warning C4258: 'i' : for 루프의 정의가 무시되고 바깥쪽 범위의 정의가 사용됩니다.
                 d:\★작업중\★c,c++\자료구조 프로그래밍\odelobattlesystem_ver.2\odelobattlesystem\whiteai_2012180004.cpp(696) : 'i' 정의가 무시됩니다.
                 d:\★작업중\★c,c++\자료구조 프로그래밍\odelobattlesystem_ver.2\odelobattlesystem\whiteai_2012180004.cpp(655) : 'i' 정의가 사용됩니다.
     1>d:\★작업중\★c,c++\자료구조 프로그래밍\odelobattlesystem_ver.2\odelobattlesystem\whiteai_2012180004.cpp(751): warning C4258: 'i' : for 루프의 정의가 무시되고 바깥쪽 범위의 정의가 사용됩니다.
                 d:\★작업중\★c,c++\자료구조 프로그래밍\odelobattlesystem_ver.2\odelobattlesystem\whiteai_2012180004.cpp(696) : 'i' 정의가 무시됩니다.
                 d:\★작업중\★c,c++\자료구조 프로그래밍\odelobattlesystem_ver.2\odelobattlesystem\whiteai_2012180004.cpp(655) : 'i' 정의가 사용됩니다.
       ManifestResourceCompile:
         모든 출력이 최신 상태입니다.
       Link:
         c:\Program Files (x86)\Microsoft Visual Studio 10.0\VC\bin\link.exe /ERRORREPORT:PROMPT /OUT:"D:\★작업중\★C,C++\자료구조 프로그래밍\OdeloBattleSystem_Ver.2\Debug\OdeloBattleSystem.exe" /INCREMENTAL /NOLOGO kernel32.lib user32.lib gdi32.lib winspool.lib comdlg32.lib advapi32.lib shell32.lib ole32.lib oleaut32.lib uuid.lib odbc32.lib odbccp32.lib /MANIFEST /ManifestFile:"Debug\OdeloBattleSystem.exe.intermediate.manifest" /MANIFESTUAC:"level='asInvoker' uiAccess='false'" /DEBUG /PDB:"D:\★작업중\★C,C++\자료구조 프로그래밍\OdeloBattleSystem_Ver.2\Debug\OdeloBattleSystem.pdb" /SUBSYSTEM:CONSOLE /TLBID:1 /DYNAMICBASE /NXCOMPAT /IMPLIB:"D:\★작업중\★C,C++\자료구조 프로그래밍\OdeloBattleSystem_Ver.2\Debug\OdeloBattleSystem.lib" /MACHINE:X86 Debug\OdeloBattleSystem.exe.embed.manifest.res
         Debug\BlackAI_2012180004.obj
         Debug\GL_variable_2012181017.obj
         Debug\main.obj
         Debug\OdeloBattleSystem.obj
         Debug\whiteai.obj
         Debug\WhiteAI_2012180004.obj
       Manifest:
         C:\Program Files (x86)\Microsoft SDKs\Windows\v7.0A\bin\mt.exe /nologo /verbose /out:"Debug\OdeloBattleSystem.exe.embed.manifest" /manifest Debug\OdeloBattleSystem.exe.intermediate.manifest
         모든 출력이 최신 상태입니다.
       LinkEmbedManifest:
         모든 출력이 최신 상태입니다.
         OdeloBattleSystem.vcxproj -> D:\★작업중\★C,C++\자료구조 프로그래밍\OdeloBattleSystem_Ver.2\Debug\OdeloBattleSystem.exe
       FinalizeBuildStatus:
         "Debug\OdeloBattleSystem.unsuccessfulbuild" 파일을 삭제하고 있습니다.
         "Debug\OdeloBattleSystem.lastbuildstate"에 연결(touching)하고 있습니다.
     1>"D:\★작업중\★C,C++\자료구조 프로그래밍\OdeloBattleSystem_Ver.2\OdeloBattleSystem\OdeloBattleSystem.vcxproj" 프로젝트를 빌드했습니다(Build 대상).

빌드했습니다.

경과 시간: 00:00:02.29
