C:\USERS\MONSTERBLACK\DOCUMENTS\VISUAL STUDIO 2010\PROJECTS\YOUDIEREVERSI2\DEBUG\YOUDIEREVERSI2.EXE
C:\USERS\MONSTERBLACK\DOCUMENTS\VISUAL STUDIO 2010\PROJECTS\YOUDIEREVERSI2\DEBUG\YOUDIEREVERSI2.ILK
C:\USERS\MONSTERBLACK\DOCUMENTS\VISUAL STUDIO 2010\PROJECTS\YOUDIEREVERSI2\DEBUG\YOUDIEREVERSI2.PDB
C:\USERS\MONSTERBLACK\DOCUMENTS\VISUAL STUDIO 2010\PROJECTS\YOUDIEREVERSI2\YOUDIEREVERSI2\DEBUG\ADDTURNCNT.OBJ
C:\USERS\MONSTERBLACK\DOCUMENTS\VISUAL STUDIO 2010\PROJECTS\YOUDIEREVERSI2\YOUDIEREVERSI2\DEBUG\BLACKATTACK.OBJ
C:\USERS\MONSTERBLACK\DOCUMENTS\VISUAL STUDIO 2010\PROJECTS\YOUDIEREVERSI2\YOUDIEREVERSI2\DEBUG\BLACKDEFENSE.OBJ
C:\USERS\MONSTERBLACK\DOCUMENTS\VISUAL STUDIO 2010\PROJECTS\YOUDIEREVERSI2\YOUDIEREVERSI2\DEBUG\CHANGETURN.OBJ
C:\Users\MonsterBlack\documents\visual studio 2010\Projects\YoudieReversi2\YoudieReversi2\Debug\cl.command.1.tlog
C:\Users\MonsterBlack\documents\visual studio 2010\Projects\YoudieReversi2\YoudieReversi2\Debug\CL.read.1.tlog
C:\Users\MonsterBlack\documents\visual studio 2010\Projects\YoudieReversi2\YoudieReversi2\Debug\CL.write.1.tlog
C:\USERS\MONSTERBLACK\DOCUMENTS\VISUAL STUDIO 2010\PROJECTS\YOUDIEREVERSI2\YOUDIEREVERSI2\DEBUG\CPYBD.OBJ
C:\USERS\MONSTERBLACK\DOCUMENTS\VISUAL STUDIO 2010\PROJECTS\YOUDIEREVERSI2\YOUDIEREVERSI2\DEBUG\DOREVERSE.OBJ
C:\USERS\MONSTERBLACK\DOCUMENTS\VISUAL STUDIO 2010\PROJECTS\YOUDIEREVERSI2\YOUDIEREVERSI2\DEBUG\GETBDSCORE.OBJ
C:\USERS\MONSTERBLACK\DOCUMENTS\VISUAL STUDIO 2010\PROJECTS\YOUDIEREVERSI2\YOUDIEREVERSI2\DEBUG\GETMERGEDISKXY.OBJ
C:\USERS\MONSTERBLACK\DOCUMENTS\VISUAL STUDIO 2010\PROJECTS\YOUDIEREVERSI2\YOUDIEREVERSI2\DEBUG\GETMINREVERSEXY.OBJ
C:\USERS\MONSTERBLACK\DOCUMENTS\VISUAL STUDIO 2010\PROJECTS\YOUDIEREVERSI2\YOUDIEREVERSI2\DEBUG\GETNOWTURN.OBJ
C:\USERS\MONSTERBLACK\DOCUMENTS\VISUAL STUDIO 2010\PROJECTS\YOUDIEREVERSI2\YOUDIEREVERSI2\DEBUG\GETV1XY.OBJ
C:\USERS\MONSTERBLACK\DOCUMENTS\VISUAL STUDIO 2010\PROJECTS\YOUDIEREVERSI2\YOUDIEREVERSI2\DEBUG\GETV2XY.OBJ
C:\USERS\MONSTERBLACK\DOCUMENTS\VISUAL STUDIO 2010\PROJECTS\YOUDIEREVERSI2\YOUDIEREVERSI2\DEBUG\GETV3XY.OBJ
C:\USERS\MONSTERBLACK\DOCUMENTS\VISUAL STUDIO 2010\PROJECTS\YOUDIEREVERSI2\YOUDIEREVERSI2\DEBUG\GETV4XY.OBJ
C:\USERS\MONSTERBLACK\DOCUMENTS\VISUAL STUDIO 2010\PROJECTS\YOUDIEREVERSI2\YOUDIEREVERSI2\DEBUG\INITBDSCORE.OBJ
C:\USERS\MONSTERBLACK\DOCUMENTS\VISUAL STUDIO 2010\PROJECTS\YOUDIEREVERSI2\YOUDIEREVERSI2\DEBUG\INITBDSCORE2.OBJ
C:\USERS\MONSTERBLACK\DOCUMENTS\VISUAL STUDIO 2010\PROJECTS\YOUDIEREVERSI2\YOUDIEREVERSI2\DEBUG\INITISREVERSE.OBJ
C:\USERS\MONSTERBLACK\DOCUMENTS\VISUAL STUDIO 2010\PROJECTS\YOUDIEREVERSI2\YOUDIEREVERSI2\DEBUG\INITMEMBDSCORE.OBJ
C:\USERS\MONSTERBLACK\DOCUMENTS\VISUAL STUDIO 2010\PROJECTS\YOUDIEREVERSI2\YOUDIEREVERSI2\DEBUG\ISGAMEEND.OBJ
C:\USERS\MONSTERBLACK\DOCUMENTS\VISUAL STUDIO 2010\PROJECTS\YOUDIEREVERSI2\YOUDIEREVERSI2\DEBUG\ISREVERSE.OBJ
C:\USERS\MONSTERBLACK\DOCUMENTS\VISUAL STUDIO 2010\PROJECTS\YOUDIEREVERSI2\YOUDIEREVERSI2\DEBUG\ISWALL.OBJ
C:\Users\MonsterBlack\documents\visual studio 2010\Projects\YoudieReversi2\YoudieReversi2\Debug\link.4568.read.1.tlog
C:\Users\MonsterBlack\documents\visual studio 2010\Projects\YoudieReversi2\YoudieReversi2\Debug\link.4568.write.1.tlog
C:\Users\MonsterBlack\documents\visual studio 2010\Projects\YoudieReversi2\YoudieReversi2\Debug\link.4568-cvtres.read.1.tlog
C:\Users\MonsterBlack\documents\visual studio 2010\Projects\YoudieReversi2\YoudieReversi2\Debug\link.4568-cvtres.write.1.tlog
C:\Users\MonsterBlack\documents\visual studio 2010\Projects\YoudieReversi2\YoudieReversi2\Debug\link.command.1.tlog
C:\Users\MonsterBlack\documents\visual studio 2010\Projects\YoudieReversi2\YoudieReversi2\Debug\link.read.1.tlog
C:\Users\MonsterBlack\documents\visual studio 2010\Projects\YoudieReversi2\YoudieReversi2\Debug\link.write.1.tlog
C:\Users\MonsterBlack\documents\visual studio 2010\Projects\YoudieReversi2\YoudieReversi2\Debug\link-cvtres.read.1.tlog
C:\Users\MonsterBlack\documents\visual studio 2010\Projects\YoudieReversi2\YoudieReversi2\Debug\link-cvtres.write.1.tlog
C:\Users\MonsterBlack\documents\visual studio 2010\Projects\YoudieReversi2\YoudieReversi2\Debug\mt.command.1.tlog
C:\Users\MonsterBlack\documents\visual studio 2010\Projects\YoudieReversi2\YoudieReversi2\Debug\mt.read.1.tlog
C:\Users\MonsterBlack\documents\visual studio 2010\Projects\YoudieReversi2\YoudieReversi2\Debug\mt.write.1.tlog
C:\USERS\MONSTERBLACK\DOCUMENTS\VISUAL STUDIO 2010\PROJECTS\YOUDIEREVERSI2\YOUDIEREVERSI2\DEBUG\PRINTM_BDSCORE.OBJ
C:\USERS\MONSTERBLACK\DOCUMENTS\VISUAL STUDIO 2010\PROJECTS\YOUDIEREVERSI2\YOUDIEREVERSI2\DEBUG\PRINTM_BDSTAT.OBJ
C:\USERS\MONSTERBLACK\DOCUMENTS\VISUAL STUDIO 2010\PROJECTS\YOUDIEREVERSI2\YOUDIEREVERSI2\DEBUG\PRINTRESULT.OBJ
C:\Users\MonsterBlack\documents\visual studio 2010\Projects\YoudieReversi2\YoudieReversi2\Debug\rc.command.1.tlog
C:\Users\MonsterBlack\documents\visual studio 2010\Projects\YoudieReversi2\YoudieReversi2\Debug\rc.read.1.tlog
C:\Users\MonsterBlack\documents\visual studio 2010\Projects\YoudieReversi2\YoudieReversi2\Debug\rc.write.1.tlog
C:\USERS\MONSTERBLACK\DOCUMENTS\VISUAL STUDIO 2010\PROJECTS\YOUDIEREVERSI2\YOUDIEREVERSI2\DEBUG\RELEASEISREVERSE.OBJ
C:\USERS\MONSTERBLACK\DOCUMENTS\VISUAL STUDIO 2010\PROJECTS\YOUDIEREVERSI2\YOUDIEREVERSI2\DEBUG\STDAFX.OBJ
C:\USERS\MONSTERBLACK\DOCUMENTS\VISUAL STUDIO 2010\PROJECTS\YOUDIEREVERSI2\YOUDIEREVERSI2\DEBUG\UPDATEBD.OBJ
C:\Users\MonsterBlack\documents\visual studio 2010\Projects\YoudieReversi2\YoudieReversi2\Debug\vc100.idb
C:\USERS\MONSTERBLACK\DOCUMENTS\VISUAL STUDIO 2010\PROJECTS\YOUDIEREVERSI2\YOUDIEREVERSI2\DEBUG\VC100.PDB
C:\USERS\MONSTERBLACK\DOCUMENTS\VISUAL STUDIO 2010\PROJECTS\YOUDIEREVERSI2\YOUDIEREVERSI2\DEBUG\WHITEATTACK.OBJ
C:\USERS\MONSTERBLACK\DOCUMENTS\VISUAL STUDIO 2010\PROJECTS\YOUDIEREVERSI2\YOUDIEREVERSI2\DEBUG\WHITEDEFENSE.OBJ
C:\USERS\MONSTERBLACK\DOCUMENTS\VISUAL STUDIO 2010\PROJECTS\YOUDIEREVERSI2\YOUDIEREVERSI2\DEBUG\YOUDIEREVERSI2.EXE.EMBED.MANIFEST
C:\USERS\MONSTERBLACK\DOCUMENTS\VISUAL STUDIO 2010\PROJECTS\YOUDIEREVERSI2\YOUDIEREVERSI2\DEBUG\YOUDIEREVERSI2.EXE.EMBED.MANIFEST.RES
C:\USERS\MONSTERBLACK\DOCUMENTS\VISUAL STUDIO 2010\PROJECTS\YOUDIEREVERSI2\YOUDIEREVERSI2\DEBUG\YOUDIEREVERSI2.EXE.INTERMEDIATE.MANIFEST
C:\USERS\MONSTERBLACK\DOCUMENTS\VISUAL STUDIO 2010\PROJECTS\YOUDIEREVERSI2\YOUDIEREVERSI2\DEBUG\YOUDIEREVERSI2.OBJ
C:\USERS\MONSTERBLACK\DOCUMENTS\VISUAL STUDIO 2010\PROJECTS\YOUDIEREVERSI2\YOUDIEREVERSI2\DEBUG\YOUDIEREVERSI2.PCH
C:\Users\MonsterBlack\documents\visual studio 2010\Projects\YoudieReversi2\YoudieReversi2\Debug\YoudieReversi2_manifest.rc
