빌드 시작: 2013-06-18 오전 10:26:10
     1>2 노드의 "D:\★작업중\★C,C++\자료구조 프로그래밍\YoudieReversi2\YoudieReversi2\YoudieReversi2.vcxproj" 프로젝트(Build 대상)입니다.
     1>InitializeBuildStatus:
         "AlwaysCreate"이(가) 지정되었기 때문에 "Debug\YoudieReversi2.unsuccessfulbuild"을(를) 만들고 있습니다.
       ClCompile:
         c:\Program Files (x86)\Microsoft Visual Studio 10.0\VC\bin\CL.exe /c /ZI /nologo /W3 /WX- /Od /Oy- /D WIN32 /D _DEBUG /D _CONSOLE /D _UNICODE /D UNICODE /Gm /EHsc /RTC1 /MDd /GS /fp:precise /Zc:wchar_t /Zc:forScope /Yc"StdAfx.h" /Fp"Debug\YoudieReversi2.pch" /Fo"Debug\\" /Fd"Debug\vc100.pdb" /Gd /TP /analyze- /errorReport:prompt stdafx.cpp
         stdafx.cpp
         c:\Program Files (x86)\Microsoft Visual Studio 10.0\VC\bin\CL.exe /c /ZI /nologo /W3 /WX- /Od /Oy- /D WIN32 /D _DEBUG /D _CONSOLE /D _UNICODE /D UNICODE /Gm /EHsc /RTC1 /MDd /GS /fp:precise /Zc:wchar_t /Zc:forScope /Yu"StdAfx.h" /Fp"Debug\YoudieReversi2.pch" /Fo"Debug\\" /Fd"Debug\vc100.pdb" /Gd /TP /analyze- /errorReport:prompt addTurnCnt.cpp BlackAttack.cpp BlackDefense.cpp changeTurn.cpp cpyBd.cpp doReverse.cpp getBdScore.cpp getLowWallXY.cpp getMergeDiskXY.cpp getMinReverseXY.cpp getMinReverseXYRange.cpp getV3XY.cpp getV2XY.cpp getV1XY.cpp getNowTurn.cpp getV4XY.cpp initBdScore.cpp initBdScore2.cpp initIsReverse.cpp initMemBdScore.cpp isGameEnd.cpp isReverse.cpp isWall.cpp printBd.cpp printM_BdScore.cpp printM_BdStat.cpp printResult.cpp releaseIsReverse.cpp updateBd.cpp WhiteAttack.cpp WhiteDefense.cpp YoudieReversi2.cpp
         YoudieReversi2.cpp
         WhiteDefense.cpp
         WhiteAttack.cpp
         updateBd.cpp
         releaseIsReverse.cpp
         printResult.cpp
         printM_BdStat.cpp
         printM_BdScore.cpp
         printBd.cpp
         isWall.cpp
         isReverse.cpp
         isGameEnd.cpp
         initMemBdScore.cpp
         initIsReverse.cpp
         initBdScore2.cpp
         initBdScore.cpp
         getV4XY.cpp
         getNowTurn.cpp
         getV1XY.cpp
         getV2XY.cpp
         코드를 생성하고 있습니다...
     1>d:\★작업중\★c,c++\자료구조 프로그래밍\youdiereversi2\youdiereversi2\isgameend.cpp(48): warning C4715: 'C_REVERSI::isGameEnd' : 모든 제어 경로에서 값을 반환하지는 않습니다.
     1>d:\★작업중\★c,c++\자료구조 프로그래밍\youdiereversi2\youdiereversi2\isreverse.cpp(131): warning C4715: 'C_REVERSI::isReverse' : 모든 제어 경로에서 값을 반환하지는 않습니다.
         컴파일하고 있습니다...
         getV3XY.cpp
         getMinReverseXYRange.cpp
         getMinReverseXY.cpp
         getMergeDiskXY.cpp
         getLowWallXY.cpp
         getBdScore.cpp
         doReverse.cpp
         cpyBd.cpp
         changeTurn.cpp
         BlackDefense.cpp
         BlackAttack.cpp
         addTurnCnt.cpp
         코드를 생성하고 있습니다...
       ManifestResourceCompile:
         C:\Program Files (x86)\Microsoft SDKs\Windows\v7.0A\bin\rc.exe /nologo /fo"Debug\YoudieReversi2.exe.embed.manifest.res" Debug\YoudieReversi2_manifest.rc 
       Link:
         c:\Program Files (x86)\Microsoft Visual Studio 10.0\VC\bin\link.exe /ERRORREPORT:PROMPT /OUT:"D:\★작업중\★C,C++\자료구조 프로그래밍\YoudieReversi2\Debug\YoudieReversi2.exe" /INCREMENTAL /NOLOGO kernel32.lib user32.lib gdi32.lib winspool.lib comdlg32.lib advapi32.lib shell32.lib ole32.lib oleaut32.lib uuid.lib odbc32.lib odbccp32.lib /MANIFEST /ManifestFile:"Debug\YoudieReversi2.exe.intermediate.manifest" /MANIFESTUAC:"level='asInvoker' uiAccess='false'" /DEBUG /PDB:"D:\★작업중\★C,C++\자료구조 프로그래밍\YoudieReversi2\Debug\YoudieReversi2.pdb" /SUBSYSTEM:CONSOLE /TLBID:1 /DYNAMICBASE /NXCOMPAT /IMPLIB:"D:\★작업중\★C,C++\자료구조 프로그래밍\YoudieReversi2\Debug\YoudieReversi2.lib" /MACHINE:X86 Debug\YoudieReversi2.exe.embed.manifest.res
         Debug\addTurnCnt.obj
         Debug\BlackAttack.obj
         Debug\BlackDefense.obj
         Debug\changeTurn.obj
         Debug\cpyBd.obj
         Debug\doReverse.obj
         Debug\getBdScore.obj
         Debug\getLowWallXY.obj
         Debug\getMergeDiskXY.obj
         Debug\getMinReverseXY.obj
         Debug\getMinReverseXYRange.obj
         Debug\getV3XY.obj
         Debug\getV2XY.obj
         Debug\getV1XY.obj
         Debug\getNowTurn.obj
         Debug\getV4XY.obj
         Debug\initBdScore.obj
         Debug\initBdScore2.obj
         Debug\initIsReverse.obj
         Debug\initMemBdScore.obj
         Debug\isGameEnd.obj
         Debug\isReverse.obj
         Debug\isWall.obj
         Debug\printBd.obj
         Debug\printM_BdScore.obj
         Debug\printM_BdStat.obj
         Debug\printResult.obj
         Debug\releaseIsReverse.obj
         Debug\stdafx.obj
         Debug\updateBd.obj
         Debug\WhiteAttack.obj
         Debug\WhiteDefense.obj
         Debug\YoudieReversi2.obj
       Manifest:
         "Debug\YoudieReversi2.exe.embed.manifest" 파일을 삭제하고 있습니다.
         C:\Program Files (x86)\Microsoft SDKs\Windows\v7.0A\bin\mt.exe /nologo /verbose /out:"Debug\YoudieReversi2.exe.embed.manifest" /manifest Debug\YoudieReversi2.exe.intermediate.manifest
         C:\Program Files (x86)\Microsoft SDKs\Windows\v7.0A\bin\rc.exe /nologo /fo"Debug\YoudieReversi2.exe.embed.manifest.res" Debug\YoudieReversi2_manifest.rc 
       LinkEmbedManifest:
         c:\Program Files (x86)\Microsoft Visual Studio 10.0\VC\bin\link.exe /ERRORREPORT:PROMPT /OUT:"D:\★작업중\★C,C++\자료구조 프로그래밍\YoudieReversi2\Debug\YoudieReversi2.exe" /INCREMENTAL /NOLOGO kernel32.lib user32.lib gdi32.lib winspool.lib comdlg32.lib advapi32.lib shell32.lib ole32.lib oleaut32.lib uuid.lib odbc32.lib odbccp32.lib /MANIFEST /ManifestFile:"Debug\YoudieReversi2.exe.intermediate.manifest" /MANIFESTUAC:"level='asInvoker' uiAccess='false'" /DEBUG /PDB:"D:\★작업중\★C,C++\자료구조 프로그래밍\YoudieReversi2\Debug\YoudieReversi2.pdb" /SUBSYSTEM:CONSOLE /TLBID:1 /DYNAMICBASE /NXCOMPAT /IMPLIB:"D:\★작업중\★C,C++\자료구조 프로그래밍\YoudieReversi2\Debug\YoudieReversi2.lib" /MACHINE:X86 Debug\YoudieReversi2.exe.embed.manifest.res
         Debug\addTurnCnt.obj
         Debug\BlackAttack.obj
         Debug\BlackDefense.obj
         Debug\changeTurn.obj
         Debug\cpyBd.obj
         Debug\doReverse.obj
         Debug\getBdScore.obj
         Debug\getLowWallXY.obj
         Debug\getMergeDiskXY.obj
         Debug\getMinReverseXY.obj
         Debug\getMinReverseXYRange.obj
         Debug\getV3XY.obj
         Debug\getV2XY.obj
         Debug\getV1XY.obj
         Debug\getNowTurn.obj
         Debug\getV4XY.obj
         Debug\initBdScore.obj
         Debug\initBdScore2.obj
         Debug\initIsReverse.obj
         Debug\initMemBdScore.obj
         Debug\isGameEnd.obj
         Debug\isReverse.obj
         Debug\isWall.obj
         Debug\printBd.obj
         Debug\printM_BdScore.obj
         Debug\printM_BdStat.obj
         Debug\printResult.obj
         Debug\releaseIsReverse.obj
         Debug\stdafx.obj
         Debug\updateBd.obj
         Debug\WhiteAttack.obj
         Debug\WhiteDefense.obj
         Debug\YoudieReversi2.obj
         YoudieReversi2.vcxproj -> D:\★작업중\★C,C++\자료구조 프로그래밍\YoudieReversi2\Debug\YoudieReversi2.exe
       FinalizeBuildStatus:
         "Debug\YoudieReversi2.unsuccessfulbuild" 파일을 삭제하고 있습니다.
         "Debug\YoudieReversi2.lastbuildstate"에 연결(touching)하고 있습니다.
     1>"D:\★작업중\★C,C++\자료구조 프로그래밍\YoudieReversi2\YoudieReversi2\YoudieReversi2.vcxproj" 프로젝트를 빌드했습니다(Build 대상).

빌드했습니다.

경과 시간: 00:00:03.40
